19:28:35 **** Incremental Build of configuration Release for project libpixy_m0 ****
make -r all 
Building file: ../src/debug_frmwrk.c
Invoking: MCU C Compiler
arm-none-eabi-gcc -DIPC_SLAVE -DPIXY -D__REDLIB__ -D__MULTICORE_NONE -DNDEBUG -D__CODE_RED -DCORE_M0 -DCR_PRINTF_CHAR -D__LPC43XX__ -I"C:\Users\tmelniko\Documents\GitHub\PixyFirmware\PixyFirmware\src\device\libpixy_m0\inc" -I../../common/inc -I../../../common/inc -O0 -g -Wall -c -fmessage-length=0 -fno-builtin -ffunction-sections -fdata-sections -mcpu=cortex-m0 -mthumb -D__REDLIB__ -specs=redlib.specs -MMD -MP -MF"src/debug_frmwrk.d" -MT"src/debug_frmwrk.o" -MT"src/debug_frmwrk.d" -o "src/debug_frmwrk.o" "../src/debug_frmwrk.c"
Finished building: ../src/debug_frmwrk.c
 
Building file: ../src/ipc_mbx.c
Invoking: MCU C Compiler
arm-none-eabi-gcc -DIPC_SLAVE -DPIXY -D__REDLIB__ -D__MULTICORE_NONE -DNDEBUG -D__CODE_RED -DCORE_M0 -DCR_PRINTF_CHAR -D__LPC43XX__ -I"C:\Users\tmelniko\Documents\GitHub\PixyFirmware\PixyFirmware\src\device\libpixy_m0\inc" -I../../common/inc -I../../../common/inc -O0 -g -Wall -c -fmessage-length=0 -fno-builtin -ffunction-sections -fdata-sections -mcpu=cortex-m0 -mthumb -D__REDLIB__ -specs=redlib.specs -MMD -MP -MF"src/ipc_mbx.d" -MT"src/ipc_mbx.o" -MT"src/ipc_mbx.d" -o "src/ipc_mbx.o" "../src/ipc_mbx.c"
../src/ipc_mbx.c: In function 'IPC_resetMbxFlag':
../src/ipc_mbx.c:55:4: warning: 'wasMasked' is used uninitialized in this function [-Wuninitialized]
  if(!wasMasked)  __enable_irq();\
    ^
../src/ipc_mbx.c:58:27: note: 'wasMasked' was declared here
  #define IRQ_LOCK_KEY int wasMasked;
                           ^
../src/ipc_mbx.c:82:3: note: in expansion of macro 'IRQ_LOCK_KEY'
   IRQ_LOCK_KEY
   ^
../src/ipc_mbx.c: In function '_setMbxStatus':
../src/ipc_mbx.c:55:4: warning: 'wasMasked' is used uninitialized in this function [-Wuninitialized]
  if(!wasMasked)  __enable_irq();\
    ^
../src/ipc_mbx.c:58:27: note: 'wasMasked' was declared here
  #define IRQ_LOCK_KEY int wasMasked;
                           ^
../src/ipc_mbx.c:104:2: note: in expansion of macro 'IRQ_LOCK_KEY'
  IRQ_LOCK_KEY
  ^
Finished building: ../src/ipc_mbx.c
 
Building file: ../src/lpc43xx_adc.c
Invoking: MCU C Compiler
arm-none-eabi-gcc -DIPC_SLAVE -DPIXY -D__REDLIB__ -D__MULTICORE_NONE -DNDEBUG -D__CODE_RED -DCORE_M0 -DCR_PRINTF_CHAR -D__LPC43XX__ -I"C:\Users\tmelniko\Documents\GitHub\PixyFirmware\PixyFirmware\src\device\libpixy_m0\inc" -I../../common/inc -I../../../common/inc -O0 -g -Wall -c -fmessage-length=0 -fno-builtin -ffunction-sections -fdata-sections -mcpu=cortex-m0 -mthumb -D__REDLIB__ -specs=redlib.specs -MMD -MP -MF"src/lpc43xx_adc.d" -MT"src/lpc43xx_adc.o" -MT"src/lpc43xx_adc.d" -o "src/lpc43xx_adc.o" "../src/lpc43xx_adc.c"
Command canceled

19:28:36 Build Cancelled (took 1s.26ms)

